Add-in Express Registrator Log File: 02/13/2020 17:26:37

Installation directory: C:\Program Files\WinZip\
Registrator version: 8.4.4395.0
Operating System: Microsoft Windows 10 Professional (build 18362), 64-bit
Process Owner: Administrator
Command Line: "C:\Program Files\WinZip\adxregistrator.exe" /uninstall="C:\Program Files\WinZip\WinZipExpressForOffice.dll" /privileges=user
Run 'As Administrator': Yes
Process Elevated: Yes
Integrity Level: High
UAC (User Account Control): On
--------------------------------------------------------------
17:26:37 0556 Starting the add-in unregistration process.
17:26:37 0556 Loading mscoree.dll
17:26:37 0556 Success.
17:26:37 0556 .NET Framework installation directory: 
17:26:37 0556 The latest version of .NET Framework: 'v4.0.30319'
17:26:37 0556 Loading CLR: v4.0.30319.
17:26:37 0556 Calling CLRCreateInstance method.
17:26:37 0556 Success.
17:26:37 0556 Calling GetRuntime method.
17:26:37 0556 Success.
17:26:37 0556 Checking if the hosting API of .NET Framework v4.0 beta is installed.
17:26:37 0556 The hosting API is up to date.
17:26:37 0556 Calling GetInterface method for the CorRuntimeHost interface.
17:26:37 0556 Success.
17:26:37 0556 Starting CLR...
17:26:37 0556 Success.
17:26:37 0556 Getting the CLR version.
17:26:37 0556 The CLR v4.0.30319 has been initialized successfully.
17:26:37 0556 Creating a new domain setup.
17:26:37 0556 Success.
17:26:37 0556 The 'shadow copy' is disabled.
17:26:37 0556 Creating a new application domain.
17:26:37 0556 Success.
17:26:37 0556 Getting the base directory for the domain.
17:26:37 0556 Success. The directory is 'C:\Program Files\WinZip\'.
17:26:37 0556 Searching for the Add-in Express core library.
17:26:37 0556 Success. The 'AddinExpress.MSO.2005.dll' file is found.
17:26:37 0556 Creating an instance of the 'AddinExpress.Deployment.ADXRegistrator' class.
17:26:37 0556 Assembly identity is 'AddinExpress.MSO.2005'.
17:26:37 0556 Success.
17:26:37 0556 Unwrapping the instance of the 'AddinExpress.Deployment.ADXRegistrator' class.
17:26:37 0556 Success.
17:26:37 0556 Calling the managed unregistration procedure (DISPID = 1610743823).
17:26:37 0556 Unregistration success.
17:26:37 0556 The add-in unregistration process is completed with HRESULT = 0.
